{"/home/plaga-username/dev/js/tiendapx/src/App.tsx": {"path":"/home/plaga-username/dev/js/tiendapx/src/App.tsx","statementMap":{"0":{"start":{"line":1,"column":0},"end":{"line":1,"column":74}},"1":{"start":{"line":2,"column":0},"end":{"line":2,"column":32}},"2":{"start":{"line":3,"column":0},"end":{"line":3,"column":38}},"3":{"start":{"line":5,"column":2},"end":{"line":12,"column":null}},"4":{"start":{"line":14,"column":0},"end":{"line":14,"column":19}}},"fnMap":{"0":{"name":"App","decl":{"start":{"line":4,"column":9},"end":{"line":4,"column":12}},"loc":{"start":{"line":4,"column":12},"end":{"line":13,"column":1}}}},"branchMap":{},"s":{"0":0,"1":0,"2":0,"3":0,"4":0},"f":{"0":0},"b":{}}
,"/home/plaga-username/dev/js/tiendapx/src/main.tsx": {"path":"/home/plaga-username/dev/js/tiendapx/src/main.tsx","statementMap":{"0":{"start":{"line":1,"column":0},"end":{"line":1,"column":25}},"1":{"start":{"line":2,"column":0},"end":{"line":2,"column":39}},"2":{"start":{"line":3,"column":0},"end":{"line":3,"column":27}},"3":{"start":{"line":4,"column":0},"end":{"line":4,"column":20}},"4":{"start":{"line":6,"column":0},"end":{"line":10,"column":null}}},"fnMap":{},"branchMap":{},"s":{"0":0,"1":0,"2":0,"3":0,"4":0},"f":{},"b":{}}
,"/home/plaga-username/dev/js/tiendapx/src/components/counter-two/Counter-two.tsx": {"path":"/home/plaga-username/dev/js/tiendapx/src/components/counter-two/Counter-two.tsx","statementMap":{"0":{"start":{"line":12,"column":2},"end":{"line":19,"column":4}},"1":{"start":{"line":16,"column":29},"end":{"line":16,"column":54}},"2":{"start":{"line":17,"column":29},"end":{"line":17,"column":54}},"3":{"start":{"line":22,"column":0},"end":{"line":22,"column":26}}},"fnMap":{"0":{"name":"CounterTwo","decl":{"start":{"line":7,"column":9},"end":{"line":7,"column":19}},"loc":{"start":{"line":11,"column":18},"end":{"line":20,"column":1}}},"1":{"name":"(anonymous_1)","decl":{"start":{"line":16,"column":23},"end":{"line":16,"column":26}},"loc":{"start":{"line":16,"column":29},"end":{"line":16,"column":54}}},"2":{"name":"(anonymous_2)","decl":{"start":{"line":17,"column":23},"end":{"line":17,"column":26}},"loc":{"start":{"line":17,"column":29},"end":{"line":17,"column":54}}}},"branchMap":{},"s":{"0":1,"1":1,"2":1,"3":1},"f":{"0":1,"1":1,"2":1},"b":{}}
,"/home/plaga-username/dev/js/tiendapx/src/components/detail/DetailComponent.tsx": {"path":"/home/plaga-username/dev/js/tiendapx/src/components/detail/DetailComponent.tsx","statementMap":{"0":{"start":{"line":2,"column":0},"end":{"line":2,"column":58}},"1":{"start":{"line":3,"column":0},"end":{"line":3,"column":42}},"2":{"start":{"line":11,"column":4},"end":{"line":24,"column":null}},"3":{"start":{"line":14,"column":61},"end":{"line":15,"column":39}},"4":{"start":{"line":20,"column":92},"end":{"line":20,"column":127}},"5":{"start":{"line":9,"column":0},"end":{"line":9,"column":24}}},"fnMap":{"0":{"name":"DetailComponent","decl":{"start":{"line":9,"column":24},"end":{"line":9,"column":39}},"loc":{"start":{"line":9,"column":52},"end":{"line":25,"column":1}}},"1":{"name":"(anonymous_1)","decl":{"start":{"line":14,"column":29},"end":{"line":14,"column":30}},"loc":{"start":{"line":14,"column":61},"end":{"line":15,"column":39}}},"2":{"name":"(anonymous_2)","decl":{"start":{"line":20,"column":59},"end":{"line":20,"column":60}},"loc":{"start":{"line":20,"column":92},"end":{"line":20,"column":127}}}},"branchMap":{},"s":{"0":0,"1":0,"2":0,"3":0,"4":0,"5":0},"f":{"0":0,"1":0,"2":0},"b":{}}
,"/home/plaga-username/dev/js/tiendapx/src/components/detail/DetailTableComponent.tsx": {"path":"/home/plaga-username/dev/js/tiendapx/src/components/detail/DetailTableComponent.tsx","statementMap":{"0":{"start":{"line":2,"column":4},"end":{"line":12,"column":null}},"1":{"start":{"line":1,"column":0},"end":{"line":1,"column":24}}},"fnMap":{"0":{"name":"DetailTableComponent","decl":{"start":{"line":1,"column":24},"end":{"line":1,"column":44}},"loc":{"start":{"line":1,"column":44},"end":{"line":13,"column":1}}}},"branchMap":{},"s":{"0":0,"1":0},"f":{"0":0},"b":{}}
,"/home/plaga-username/dev/js/tiendapx/src/components/detail/RowComponent.tsx": {"path":"/home/plaga-username/dev/js/tiendapx/src/components/detail/RowComponent.tsx","statementMap":{"0":{"start":{"line":3,"column":0},"end":{"line":3,"column":50}},"1":{"start":{"line":11,"column":19},"end":{"line":16,"column":5}},"2":{"start":{"line":12,"column":8},"end":{"line":15,"column":null}},"3":{"start":{"line":17,"column":22},"end":{"line":29,"column":5}},"4":{"start":{"line":18,"column":8},"end":{"line":28,"column":9}},"5":{"start":{"line":19,"column":12},"end":{"line":22,"column":null}},"6":{"start":{"line":24,"column":12},"end":{"line":27,"column":null}},"7":{"start":{"line":30,"column":4},"end":{"line":44,"column":6}},"8":{"start":{"line":10,"column":0},"end":{"line":10,"column":24}}},"fnMap":{"0":{"name":"RowComponent","decl":{"start":{"line":10,"column":24},"end":{"line":10,"column":36}},"loc":{"start":{"line":10,"column":49},"end":{"line":45,"column":1}}},"1":{"name":"(anonymous_1)","decl":{"start":{"line":11,"column":19},"end":{"line":11,"column":22}},"loc":{"start":{"line":11,"column":24},"end":{"line":16,"column":5}}},"2":{"name":"(anonymous_2)","decl":{"start":{"line":17,"column":22},"end":{"line":17,"column":23}},"loc":{"start":{"line":17,"column":38},"end":{"line":29,"column":5}}}},"branchMap":{"0":{"loc":{"start":{"line":18,"column":8},"end":{"line":28,"column":9}},"type":"if","locations":[{"start":{"line":18,"column":8},"end":{"line":28,"column":9}},{"start":{"line":23,"column":15},"end":{"line":28,"column":9}}]}},"s":{"0":0,"1":0,"2":0,"3":0,"4":0,"5":0,"6":0,"7":0,"8":0},"f":{"0":0,"1":0,"2":0},"b":{"0":[0,0]}}
,"/home/plaga-username/dev/js/tiendapx/src/components/detail/SpinnerComponent.tsx": {"path":"/home/plaga-username/dev/js/tiendapx/src/components/detail/SpinnerComponent.tsx","statementMap":{"0":{"start":{"line":1,"column":0},"end":{"line":1,"column":44}},"1":{"start":{"line":8,"column":32},"end":{"line":8,"column":51}},"2":{"start":{"line":10,"column":4},"end":{"line":12,"column":20}},"3":{"start":{"line":11,"column":8},"end":{"line":11,"column":29}},"4":{"start":{"line":14,"column":25},"end":{"line":16,"column":5}},"5":{"start":{"line":15,"column":8},"end":{"line":15,"column":44}},"6":{"start":{"line":17,"column":4},"end":{"line":23,"column":9}},"7":{"start":{"line":19,"column":35},"end":{"line":19,"column":53}},"8":{"start":{"line":21,"column":35},"end":{"line":21,"column":52}},"9":{"start":{"line":7,"column":0},"end":{"line":7,"column":24}}},"fnMap":{"0":{"name":"SpinnerComponent","decl":{"start":{"line":7,"column":24},"end":{"line":7,"column":40}},"loc":{"start":{"line":7,"column":53},"end":{"line":24,"column":1}}},"1":{"name":"(anonymous_1)","decl":{"start":{"line":10,"column":14},"end":{"line":10,"column":17}},"loc":{"start":{"line":10,"column":19},"end":{"line":12,"column":5}}},"2":{"name":"(anonymous_2)","decl":{"start":{"line":14,"column":25},"end":{"line":14,"column":26}},"loc":{"start":{"line":14,"column":68},"end":{"line":16,"column":5}}},"3":{"name":"(anonymous_3)","decl":{"start":{"line":19,"column":29},"end":{"line":19,"column":32}},"loc":{"start":{"line":19,"column":35},"end":{"line":19,"column":53}}},"4":{"name":"(anonymous_4)","decl":{"start":{"line":21,"column":29},"end":{"line":21,"column":32}},"loc":{"start":{"line":21,"column":35},"end":{"line":21,"column":52}}}},"branchMap":{},"s":{"0":0,"1":0,"2":0,"3":0,"4":0,"5":0,"6":0,"7":0,"8":0,"9":0},"f":{"0":0,"1":0,"2":0,"3":0,"4":0},"b":{}}
,"/home/plaga-username/dev/js/tiendapx/src/components/input-text/InputTextComponent.tsx": {"path":"/home/plaga-username/dev/js/tiendapx/src/components/input-text/InputTextComponent.tsx","statementMap":{"0":{"start":{"line":1,"column":0},"end":{"line":1,"column":33}},"1":{"start":{"line":11,"column":30},"end":{"line":11,"column":42}},"2":{"start":{"line":12,"column":30},"end":{"line":12,"column":42}},"3":{"start":{"line":14,"column":25},"end":{"line":31,"column":5}},"4":{"start":{"line":15,"column":25},"end":{"line":15,"column":39}},"5":{"start":{"line":16,"column":8},"end":{"line":16,"column":27}},"6":{"start":{"line":18,"column":8},"end":{"line":22,"column":9}},"7":{"start":{"line":19,"column":12},"end":{"line":19,"column":42}},"8":{"start":{"line":20,"column":12},"end":{"line":20,"column":30}},"9":{"start":{"line":21,"column":12},"end":{"line":21,"column":19}},"10":{"start":{"line":24,"column":8},"end":{"line":30,"column":9}},"11":{"start":{"line":25,"column":12},"end":{"line":25,"column":25}},"12":{"start":{"line":26,"column":12},"end":{"line":26,"column":43}},"13":{"start":{"line":28,"column":12},"end":{"line":28,"column":55}},"14":{"start":{"line":29,"column":12},"end":{"line":29,"column":30}},"15":{"start":{"line":33,"column":4},"end":{"line":44,"column":null}},"16":{"start":{"line":10,"column":0},"end":{"line":10,"column":24}}},"fnMap":{"0":{"name":"InputText","decl":{"start":{"line":10,"column":24},"end":{"line":10,"column":33}},"loc":{"start":{"line":10,"column":46},"end":{"line":45,"column":1}}},"1":{"name":"(anonymous_1)","decl":{"start":{"line":14,"column":25},"end":{"line":14,"column":26}},"loc":{"start":{"line":14,"column":68},"end":{"line":31,"column":5}}}},"branchMap":{"0":{"loc":{"start":{"line":18,"column":8},"end":{"line":22,"column":9}},"type":"if","locations":[{"start":{"line":18,"column":8},"end":{"line":22,"column":9}}]},"1":{"loc":{"start":{"line":24,"column":8},"end":{"line":30,"column":9}},"type":"if","locations":[{"start":{"line":24,"column":8},"end":{"line":30,"column":9}},{"start":{"line":27,"column":15},"end":{"line":30,"column":9}}]},"2":{"loc":{"start":{"line":41,"column":13},"end":{"line":41,"column":71}},"type":"binary-expr","locations":[{"start":{"line":41,"column":13},"end":{"line":41,"column":29}},{"start":{"line":41,"column":33},"end":{"line":41,"column":71}}]},"3":{"loc":{"start":{"line":42,"column":13},"end":{"line":42,"column":109}},"type":"binary-expr","locations":[{"start":{"line":42,"column":13},"end":{"line":42,"column":30}},{"start":{"line":42,"column":34},"end":{"line":42,"column":47}},{"start":{"line":42,"column":51},"end":{"line":42,"column":57}},{"start":{"line":42,"column":61},"end":{"line":42,"column":109}}]}},"s":{"0":0,"1":0,"2":0,"3":0,"4":0,"5":0,"6":0,"7":0,"8":0,"9":0,"10":0,"11":0,"12":0,"13":0,"14":0,"15":0,"16":0},"f":{"0":0,"1":0},"b":{"0":[0],"1":[0,0],"2":[0,0],"3":[0,0,0,0]}}
,"/home/plaga-username/dev/js/tiendapx/src/components/navbar/NavbarComponent.tsx": {"path":"/home/plaga-username/dev/js/tiendapx/src/components/navbar/NavbarComponent.tsx","statementMap":{"0":{"start":{"line":1,"column":0},"end":{"line":1,"column":47}},"1":{"start":{"line":9,"column":21},"end":{"line":9,"column":34}},"2":{"start":{"line":11,"column":4},"end":{"line":27,"column":null}},"3":{"start":{"line":14,"column":55},"end":{"line":14,"column":68}},"4":{"start":{"line":16,"column":73},"end":{"line":16,"column":93}},"5":{"start":{"line":8,"column":0},"end":{"line":8,"column":16}}},"fnMap":{"0":{"name":"NavbarComponent","decl":{"start":{"line":8,"column":16},"end":{"line":8,"column":31}},"loc":{"start":{"line":8,"column":44},"end":{"line":28,"column":1}}},"1":{"name":"(anonymous_1)","decl":{"start":{"line":14,"column":49},"end":{"line":14,"column":52}},"loc":{"start":{"line":14,"column":55},"end":{"line":14,"column":68}}},"2":{"name":"(anonymous_2)","decl":{"start":{"line":16,"column":67},"end":{"line":16,"column":70}},"loc":{"start":{"line":16,"column":73},"end":{"line":16,"column":93}}}},"branchMap":{},"s":{"0":1,"1":3,"2":3,"3":1,"4":1,"5":1},"f":{"0":3,"1":1,"2":1},"b":{}}
,"/home/plaga-username/dev/js/tiendapx/src/components/product/ProductComponent.tsx": {"path":"/home/plaga-username/dev/js/tiendapx/src/components/product/ProductComponent.tsx","statementMap":{"0":{"start":{"line":10,"column":22},"end":{"line":12,"column":5}},"1":{"start":{"line":11,"column":8},"end":{"line":11,"column":38}},"2":{"start":{"line":14,"column":4},"end":{"line":27,"column":null}},"3":{"start":{"line":30,"column":0},"end":{"line":30,"column":32}}},"fnMap":{"0":{"name":"ProductComponent","decl":{"start":{"line":8,"column":9},"end":{"line":8,"column":25}},"loc":{"start":{"line":8,"column":38},"end":{"line":28,"column":1}}},"1":{"name":"(anonymous_1)","decl":{"start":{"line":10,"column":22},"end":{"line":10,"column":25}},"loc":{"start":{"line":10,"column":27},"end":{"line":12,"column":5}}}},"branchMap":{},"s":{"0":2,"1":1,"2":2,"3":1},"f":{"0":2,"1":1},"b":{}}
,"/home/plaga-username/dev/js/tiendapx/src/components/shipping-form/DialogComponent.tsx": {"path":"/home/plaga-username/dev/js/tiendapx/src/components/shipping-form/DialogComponent.tsx","statementMap":{"0":{"start":{"line":2,"column":0},"end":{"line":2,"column":47}},"1":{"start":{"line":9,"column":21},"end":{"line":9,"column":34}},"2":{"start":{"line":10,"column":24},"end":{"line":15,"column":5}},"3":{"start":{"line":11,"column":8},"end":{"line":13,"column":11}},"4":{"start":{"line":14,"column":8},"end":{"line":14,"column":null}},"5":{"start":{"line":16,"column":4},"end":{"line":23,"column":9}},"6":{"start":{"line":7,"column":0},"end":{"line":7,"column":24}}},"fnMap":{"0":{"name":"DialogComponent","decl":{"start":{"line":7,"column":24},"end":{"line":7,"column":39}},"loc":{"start":{"line":7,"column":52},"end":{"line":24,"column":1}}},"1":{"name":"(anonymous_1)","decl":{"start":{"line":10,"column":24},"end":{"line":10,"column":27}},"loc":{"start":{"line":10,"column":29},"end":{"line":15,"column":5}}}},"branchMap":{},"s":{"0":1,"1":2,"2":2,"3":1,"4":1,"5":2,"6":1},"f":{"0":2,"1":1},"b":{}}
,"/home/plaga-username/dev/js/tiendapx/src/components/shipping-form/SelectDistritoComponent.tsx": {"path":"/home/plaga-username/dev/js/tiendapx/src/components/shipping-form/SelectDistritoComponent.tsx","statementMap":{"0":{"start":{"line":1,"column":0},"end":{"line":1,"column":52}},"1":{"start":{"line":8,"column":32},"end":{"line":36,"column":1}},"2":{"start":{"line":9,"column":35},"end":{"line":9,"column":49}},"3":{"start":{"line":11,"column":25},"end":{"line":15,"column":5}},"4":{"start":{"line":12,"column":27},"end":{"line":12,"column":59}},"5":{"start":{"line":13,"column":33},"end":{"line":13,"column":83}},"6":{"start":{"line":13,"column":55},"end":{"line":13,"column":74}},"7":{"start":{"line":14,"column":8},"end":{"line":14,"column":41}},"8":{"start":{"line":17,"column":4},"end":{"line":19,"column":5}},"9":{"start":{"line":18,"column":8},"end":{"line":18,"column":71}},"10":{"start":{"line":21,"column":4},"end":{"line":35,"column":6}},"11":{"start":{"line":29,"column":20},"end":{"line":29,"column":46}},"12":{"start":{"line":38,"column":0},"end":{"line":38,"column":39}}},"fnMap":{"0":{"name":"(anonymous_0)","decl":{"start":{"line":8,"column":32},"end":{"line":8,"column":33}},"loc":{"start":{"line":8,"column":49},"end":{"line":36,"column":1}}},"1":{"name":"(anonymous_1)","decl":{"start":{"line":11,"column":25},"end":{"line":11,"column":26}},"loc":{"start":{"line":11,"column":73},"end":{"line":15,"column":5}}},"2":{"name":"(anonymous_2)","decl":{"start":{"line":13,"column":48},"end":{"line":13,"column":49}},"loc":{"start":{"line":13,"column":55},"end":{"line":13,"column":74}}},"3":{"name":"(anonymous_3)","decl":{"start":{"line":28,"column":31},"end":{"line":28,"column":32}},"loc":{"start":{"line":29,"column":20},"end":{"line":29,"column":46}}}},"branchMap":{"0":{"loc":{"start":{"line":13,"column":33},"end":{"line":13,"column":83}},"type":"binary-expr","locations":[{"start":{"line":13,"column":33},"end":{"line":13,"column":75}},{"start":{"line":13,"column":79},"end":{"line":13,"column":83}}]},"1":{"loc":{"start":{"line":17,"column":4},"end":{"line":19,"column":5}},"type":"if","locations":[{"start":{"line":17,"column":4},"end":{"line":19,"column":5}}]}},"s":{"0":1,"1":1,"2":3,"3":3,"4":1,"5":1,"6":2,"7":1,"8":3,"9":1,"10":2,"11":4,"12":1},"f":{"0":3,"1":1,"2":2,"3":4},"b":{"0":[1,0],"1":[1]}}
,"/home/plaga-username/dev/js/tiendapx/src/components/shipping-form/ShippingFormComponent.tsx": {"path":"/home/plaga-username/dev/js/tiendapx/src/components/shipping-form/ShippingFormComponent.tsx","statementMap":{"0":{"start":{"line":1,"column":0},"end":{"line":1,"column":33}},"1":{"start":{"line":2,"column":0},"end":{"line":2,"column":57}},"2":{"start":{"line":4,"column":0},"end":{"line":4,"column":64}},"3":{"start":{"line":12,"column":46},"end":{"line":12,"column":70}},"4":{"start":{"line":13,"column":34},"end":{"line":13,"column":49}},"5":{"start":{"line":14,"column":25},"end":{"line":23,"column":5}},"6":{"start":{"line":15,"column":8},"end":{"line":17,"column":9}},"7":{"start":{"line":16,"column":12},"end":{"line":16,"column":25}},"8":{"start":{"line":18,"column":22},"end":{"line":18,"column":37}},"9":{"start":{"line":19,"column":8},"end":{"line":21,"column":9}},"10":{"start":{"line":20,"column":12},"end":{"line":20,"column":24}},"11":{"start":{"line":22,"column":8},"end":{"line":22,"column":21}},"12":{"start":{"line":25,"column":32},"end":{"line":34,"column":5}},"13":{"start":{"line":26,"column":8},"end":{"line":28,"column":9}},"14":{"start":{"line":27,"column":12},"end":{"line":27,"column":25}},"15":{"start":{"line":29,"column":22},"end":{"line":29,"column":39}},"16":{"start":{"line":30,"column":8},"end":{"line":32,"column":9}},"17":{"start":{"line":31,"column":12},"end":{"line":31,"column":24}},"18":{"start":{"line":33,"column":8},"end":{"line":33,"column":21}},"19":{"start":{"line":36,"column":28},"end":{"line":45,"column":5}},"20":{"start":{"line":37,"column":8},"end":{"line":39,"column":9}},"21":{"start":{"line":38,"column":12},"end":{"line":38,"column":25}},"22":{"start":{"line":40,"column":22},"end":{"line":40,"column":29}},"23":{"start":{"line":41,"column":8},"end":{"line":43,"column":9}},"24":{"start":{"line":42,"column":12},"end":{"line":42,"column":24}},"25":{"start":{"line":44,"column":8},"end":{"line":44,"column":21}},"26":{"start":{"line":47,"column":33},"end":{"line":52,"column":5}},"27":{"start":{"line":48,"column":8},"end":{"line":51,"column":11}},"28":{"start":{"line":53,"column":25},"end":{"line":62,"column":5}},"29":{"start":{"line":54,"column":8},"end":{"line":54,"column":27}},"30":{"start":{"line":55,"column":8},"end":{"line":55,"column":25}},"31":{"start":{"line":56,"column":8},"end":{"line":61,"column":9}},"32":{"start":{"line":59,"column":12},"end":{"line":59,"column":65}},"33":{"start":{"line":60,"column":12},"end":{"line":60,"column":29}},"34":{"start":{"line":64,"column":27},"end":{"line":69,"column":5}},"35":{"start":{"line":65,"column":8},"end":{"line":68,"column":null}},"36":{"start":{"line":71,"column":4},"end":{"line":111,"column":null}},"37":{"start":{"line":80,"column":48},"end":{"line":80,"column":89}},"38":{"start":{"line":85,"column":48},"end":{"line":85,"column":88}},"39":{"start":{"line":92,"column":48},"end":{"line":92,"column":86}},"40":{"start":{"line":97,"column":48},"end":{"line":97,"column":88}},"41":{"start":{"line":102,"column":48},"end":{"line":102,"column":84}},"42":{"start":{"line":11,"column":0},"end":{"line":11,"column":24}}},"fnMap":{"0":{"name":"ShippingFormComponent","decl":{"start":{"line":11,"column":24},"end":{"line":11,"column":45}},"loc":{"start":{"line":11,"column":58},"end":{"line":112,"column":1}}},"1":{"name":"(anonymous_1)","decl":{"start":{"line":14,"column":25},"end":{"line":14,"column":26}},"loc":{"start":{"line":14,"column":52},"end":{"line":23,"column":5}}},"2":{"name":"(anonymous_2)","decl":{"start":{"line":25,"column":32},"end":{"line":25,"column":33}},"loc":{"start":{"line":25,"column":59},"end":{"line":34,"column":5}}},"3":{"name":"(anonymous_3)","decl":{"start":{"line":36,"column":28},"end":{"line":36,"column":29}},"loc":{"start":{"line":36,"column":55},"end":{"line":45,"column":5}}},"4":{"name":"(anonymous_4)","decl":{"start":{"line":47,"column":33},"end":{"line":47,"column":34}},"loc":{"start":{"line":47,"column":66},"end":{"line":52,"column":5}}},"5":{"name":"(anonymous_5)","decl":{"start":{"line":53,"column":25},"end":{"line":53,"column":26}},"loc":{"start":{"line":53,"column":65},"end":{"line":62,"column":5}}},"6":{"name":"(anonymous_6)","decl":{"start":{"line":64,"column":27},"end":{"line":64,"column":28}},"loc":{"start":{"line":64,"column":50},"end":{"line":69,"column":5}}},"7":{"name":"(anonymous_7)","decl":{"start":{"line":80,"column":29},"end":{"line":80,"column":30}},"loc":{"start":{"line":80,"column":48},"end":{"line":80,"column":89}}},"8":{"name":"(anonymous_8)","decl":{"start":{"line":85,"column":29},"end":{"line":85,"column":30}},"loc":{"start":{"line":85,"column":48},"end":{"line":85,"column":88}}},"9":{"name":"(anonymous_9)","decl":{"start":{"line":92,"column":29},"end":{"line":92,"column":30}},"loc":{"start":{"line":92,"column":48},"end":{"line":92,"column":86}}},"10":{"name":"(anonymous_10)","decl":{"start":{"line":97,"column":29},"end":{"line":97,"column":30}},"loc":{"start":{"line":97,"column":48},"end":{"line":97,"column":88}}},"11":{"name":"(anonymous_11)","decl":{"start":{"line":102,"column":29},"end":{"line":102,"column":30}},"loc":{"start":{"line":102,"column":48},"end":{"line":102,"column":84}}}},"branchMap":{"0":{"loc":{"start":{"line":15,"column":8},"end":{"line":17,"column":9}},"type":"if","locations":[{"start":{"line":15,"column":8},"end":{"line":17,"column":9}}]},"1":{"loc":{"start":{"line":19,"column":8},"end":{"line":21,"column":9}},"type":"if","locations":[{"start":{"line":19,"column":8},"end":{"line":21,"column":9}}]},"2":{"loc":{"start":{"line":26,"column":8},"end":{"line":28,"column":9}},"type":"if","locations":[{"start":{"line":26,"column":8},"end":{"line":28,"column":9}}]},"3":{"loc":{"start":{"line":30,"column":8},"end":{"line":32,"column":9}},"type":"if","locations":[{"start":{"line":30,"column":8},"end":{"line":32,"column":9}}]},"4":{"loc":{"start":{"line":37,"column":8},"end":{"line":39,"column":9}},"type":"if","locations":[{"start":{"line":37,"column":8},"end":{"line":39,"column":9}}]},"5":{"loc":{"start":{"line":41,"column":8},"end":{"line":43,"column":9}},"type":"if","locations":[{"start":{"line":41,"column":8},"end":{"line":43,"column":9}}]},"6":{"loc":{"start":{"line":56,"column":8},"end":{"line":61,"column":9}},"type":"if","locations":[{"start":{"line":56,"column":8},"end":{"line":61,"column":9}}]},"7":{"loc":{"start":{"line":56,"column":12},"end":{"line":58,"column":58}},"type":"binary-expr","locations":[{"start":{"line":56,"column":12},"end":{"line":56,"column":33}},{"start":{"line":56,"column":37},"end":{"line":56,"column":59}},{"start":{"line":57,"column":15},"end":{"line":57,"column":39}},{"start":{"line":57,"column":43},"end":{"line":57,"column":66}},{"start":{"line":58,"column":12},"end":{"line":58,"column":31}},{"start":{"line":58,"column":35},"end":{"line":58,"column":58}}]}},"s":{"0":0,"1":0,"2":0,"3":0,"4":0,"5":0,"6":0,"7":0,"8":0,"9":0,"10":0,"11":0,"12":0,"13":0,"14":0,"15":0,"16":0,"17":0,"18":0,"19":0,"20":0,"21":0,"22":0,"23":0,"24":0,"25":0,"26":0,"27":0,"28":0,"29":0,"30":0,"31":0,"32":0,"33":0,"34":0,"35":0,"36":0,"37":0,"38":0,"39":0,"40":0,"41":0,"42":0},"f":{"0":0,"1":0,"2":0,"3":0,"4":0,"5":0,"6":0,"7":0,"8":0,"9":0,"10":0,"11":0},"b":{"0":[0],"1":[0],"2":[0],"3":[0],"4":[0],"5":[0],"6":[0],"7":[0,0,0,0,0,0]}}
,"/home/plaga-username/dev/js/tiendapx/src/components/users/Users.tsx": {"path":"/home/plaga-username/dev/js/tiendapx/src/components/users/Users.tsx","statementMap":{"0":{"start":{"line":1,"column":14},"end":{"line":11,"column":1}},"1":{"start":{"line":2,"column":2},"end":{"line":10,"column":4}},"2":{"start":{"line":13,"column":0},"end":{"line":13,"column":21}}},"fnMap":{"0":{"name":"(anonymous_0)","decl":{"start":{"line":1,"column":14},"end":{"line":1,"column":17}},"loc":{"start":{"line":1,"column":19},"end":{"line":11,"column":1}}}},"branchMap":{},"s":{"0":1,"1":2,"2":1},"f":{"0":2},"b":{}}
,"/home/plaga-username/dev/js/tiendapx/src/hooks/useDistritos.ts": {"path":"/home/plaga-username/dev/js/tiendapx/src/hooks/useDistritos.ts","statementMap":{"0":{"start":{"line":1,"column":0},"end":{"line":1,"column":44}},"1":{"start":{"line":8,"column":28},"end":{"line":29,"column":1}},"2":{"start":{"line":9,"column":36},"end":{"line":9,"column":60}},"3":{"start":{"line":10,"column":32},"end":{"line":10,"column":55}},"4":{"start":{"line":12,"column":2},"end":{"line":26,"column":9}},"5":{"start":{"line":13,"column":27},"end":{"line":23,"column":5}},"6":{"start":{"line":14,"column":6},"end":{"line":22,"column":7}},"7":{"start":{"line":15,"column":25},"end":{"line":15,"column":55}},"8":{"start":{"line":16,"column":21},"end":{"line":16,"column":42}},"9":{"start":{"line":17,"column":8},"end":{"line":17,"column":27}},"10":{"start":{"line":19,"column":8},"end":{"line":19,"column":63}},"11":{"start":{"line":21,"column":8},"end":{"line":21,"column":26}},"12":{"start":{"line":25,"column":4},"end":{"line":25,"column":21}},"13":{"start":{"line":28,"column":2},"end":{"line":28,"column":32}},"14":{"start":{"line":8,"column":13},"end":{"line":8,"column":28}}},"fnMap":{"0":{"name":"(anonymous_0)","decl":{"start":{"line":8,"column":28},"end":{"line":8,"column":31}},"loc":{"start":{"line":8,"column":33},"end":{"line":29,"column":1}}},"1":{"name":"(anonymous_1)","decl":{"start":{"line":12,"column":12},"end":{"line":12,"column":15}},"loc":{"start":{"line":12,"column":17},"end":{"line":26,"column":3}}},"2":{"name":"(anonymous_2)","decl":{"start":{"line":13,"column":27},"end":{"line":13,"column":32}},"loc":{"start":{"line":13,"column":38},"end":{"line":23,"column":5}}}},"branchMap":{},"s":{"0":1,"1":1,"2":0,"3":0,"4":0,"5":0,"6":0,"7":0,"8":0,"9":0,"10":0,"11":0,"12":0,"13":0,"14":1},"f":{"0":0,"1":0,"2":0},"b":{}}
,"/home/plaga-username/dev/js/tiendapx/src/pages/Home.tsx": {"path":"/home/plaga-username/dev/js/tiendapx/src/pages/Home.tsx","statementMap":{"0":{"start":{"line":1,"column":0},"end":{"line":1,"column":55}},"1":{"start":{"line":2,"column":0},"end":{"line":2,"column":19}},"2":{"start":{"line":4,"column":0},"end":{"line":4,"column":71}},"3":{"start":{"line":5,"column":0},"end":{"line":5,"column":70}},"4":{"start":{"line":6,"column":0},"end":{"line":6,"column":46}},"5":{"start":{"line":11,"column":28},"end":{"line":11,"column":55}},"6":{"start":{"line":13,"column":34},"end":{"line":13,"column":59}},"7":{"start":{"line":14,"column":36},"end":{"line":14,"column":48}},"8":{"start":{"line":16,"column":20},"end":{"line":24,"column":3}},"9":{"start":{"line":17,"column":21},"end":{"line":17,"column":66}},"10":{"start":{"line":20,"column":21},"end":{"line":20,"column":42}},"11":{"start":{"line":22,"column":20},"end":{"line":22,"column":63}},"12":{"start":{"line":22,"column":61},"end":{"line":22,"column":62}},"13":{"start":{"line":23,"column":4},"end":{"line":23,"column":32}},"14":{"start":{"line":26,"column":17},"end":{"line":28,"column":3}},"15":{"start":{"line":27,"column":4},"end":{"line":27,"column":33}},"16":{"start":{"line":30,"column":22},"end":{"line":33,"column":3}},"17":{"start":{"line":31,"column":4},"end":{"line":32,"column":null}},"18":{"start":{"line":31,"column":45},"end":{"line":32,"column":60}},"19":{"start":{"line":35,"column":28},"end":{"line":44,"column":3}},"20":{"start":{"line":37,"column":4},"end":{"line":43,"column":null}},"21":{"start":{"line":46,"column":2},"end":{"line":55,"column":9}},"22":{"start":{"line":47,"column":4},"end":{"line":47,"column":16}},"23":{"start":{"line":48,"column":15},"end":{"line":48,"column":43}},"24":{"start":{"line":49,"column":4},"end":{"line":54,"column":5}},"25":{"start":{"line":50,"column":6},"end":{"line":53,"column":null}},"26":{"start":{"line":57,"column":2},"end":{"line":74,"column":null}},"27":{"start":{"line":59,"column":74},"end":{"line":59,"column":88}},"28":{"start":{"line":69,"column":12},"end":{"line":70,"column":26}},"29":{"start":{"line":77,"column":0},"end":{"line":77,"column":null}}},"fnMap":{"0":{"name":"Home","decl":{"start":{"line":10,"column":9},"end":{"line":10,"column":13}},"loc":{"start":{"line":10,"column":13},"end":{"line":75,"column":1}}},"1":{"name":"(anonymous_1)","decl":{"start":{"line":16,"column":20},"end":{"line":16,"column":25}},"loc":{"start":{"line":16,"column":31},"end":{"line":24,"column":3}}},"2":{"name":"(anonymous_2)","decl":{"start":{"line":22,"column":45},"end":{"line":22,"column":46}},"loc":{"start":{"line":22,"column":61},"end":{"line":22,"column":62}}},"3":{"name":"(anonymous_3)","decl":{"start":{"line":26,"column":17},"end":{"line":26,"column":18}},"loc":{"start":{"line":26,"column":60},"end":{"line":28,"column":3}}},"4":{"name":"(anonymous_4)","decl":{"start":{"line":30,"column":22},"end":{"line":30,"column":25}},"loc":{"start":{"line":30,"column":27},"end":{"line":33,"column":3}}},"5":{"name":"(anonymous_5)","decl":{"start":{"line":31,"column":27},"end":{"line":31,"column":28}},"loc":{"start":{"line":31,"column":45},"end":{"line":32,"column":60}}},"6":{"name":"(anonymous_6)","decl":{"start":{"line":35,"column":28},"end":{"line":35,"column":29}},"loc":{"start":{"line":35,"column":49},"end":{"line":44,"column":3}}},"7":{"name":"(anonymous_7)","decl":{"start":{"line":46,"column":12},"end":{"line":46,"column":15}},"loc":{"start":{"line":46,"column":17},"end":{"line":55,"column":3}}},"8":{"name":"(anonymous_8)","decl":{"start":{"line":59,"column":41},"end":{"line":59,"column":42}},"loc":{"start":{"line":59,"column":74},"end":{"line":59,"column":88}}},"9":{"name":"(anonymous_9)","decl":{"start":{"line":68,"column":29},"end":{"line":68,"column":30}},"loc":{"start":{"line":69,"column":12},"end":{"line":70,"column":26}}}},"branchMap":{"0":{"loc":{"start":{"line":49,"column":4},"end":{"line":54,"column":5}},"type":"if","locations":[{"start":{"line":49,"column":4},"end":{"line":54,"column":5}}]}},"s":{"0":0,"1":0,"2":0,"3":0,"4":0,"5":0,"6":0,"7":0,"8":0,"9":0,"10":0,"11":0,"12":0,"13":0,"14":0,"15":0,"16":0,"17":0,"18":0,"19":0,"20":0,"21":0,"22":0,"23":0,"24":0,"25":0,"26":0,"27":0,"28":0,"29":0},"f":{"0":0,"1":0,"2":0,"3":0,"4":0,"5":0,"6":0,"7":0,"8":0,"9":0},"b":{"0":[0]}}
,"/home/plaga-username/dev/js/tiendapx/src/pages/Resumen.tsx": {"path":"/home/plaga-username/dev/js/tiendapx/src/pages/Resumen.tsx","statementMap":{"0":{"start":{"line":1,"column":0},"end":{"line":1,"column":56}},"1":{"start":{"line":2,"column":0},"end":{"line":2,"column":67}},"2":{"start":{"line":3,"column":0},"end":{"line":3,"column":46}},"3":{"start":{"line":5,"column":0},"end":{"line":5,"column":85}},"4":{"start":{"line":6,"column":0},"end":{"line":6,"column":73}},"5":{"start":{"line":7,"column":0},"end":{"line":7,"column":70}},"6":{"start":{"line":10,"column":30},"end":{"line":10,"column":57}},"7":{"start":{"line":11,"column":40},"end":{"line":11,"column":55}},"8":{"start":{"line":12,"column":4},"end":{"line":20,"column":11}},"9":{"start":{"line":13,"column":19},"end":{"line":13,"column":47}},"10":{"start":{"line":14,"column":8},"end":{"line":19,"column":9}},"11":{"start":{"line":15,"column":12},"end":{"line":18,"column":null}},"12":{"start":{"line":22,"column":4},"end":{"line":24,"column":16}},"13":{"start":{"line":23,"column":8},"end":{"line":23,"column":35}},"14":{"start":{"line":26,"column":25},"end":{"line":28,"column":5}},"15":{"start":{"line":27,"column":8},"end":{"line":27,"column":28}},"16":{"start":{"line":31,"column":4},"end":{"line":42,"column":null}},"17":{"start":{"line":34,"column":80},"end":{"line":34,"column":94}},"18":{"start":{"line":44,"column":0},"end":{"line":44,"column":23}}},"fnMap":{"0":{"name":"Resumen","decl":{"start":{"line":9,"column":9},"end":{"line":9,"column":16}},"loc":{"start":{"line":9,"column":16},"end":{"line":43,"column":1}}},"1":{"name":"(anonymous_1)","decl":{"start":{"line":12,"column":14},"end":{"line":12,"column":17}},"loc":{"start":{"line":12,"column":19},"end":{"line":20,"column":5}}},"2":{"name":"(anonymous_2)","decl":{"start":{"line":22,"column":14},"end":{"line":22,"column":17}},"loc":{"start":{"line":22,"column":19},"end":{"line":24,"column":5}}},"3":{"name":"(anonymous_3)","decl":{"start":{"line":26,"column":25},"end":{"line":26,"column":28}},"loc":{"start":{"line":26,"column":30},"end":{"line":28,"column":5}}},"4":{"name":"(anonymous_4)","decl":{"start":{"line":34,"column":47},"end":{"line":34,"column":48}},"loc":{"start":{"line":34,"column":80},"end":{"line":34,"column":94}}}},"branchMap":{"0":{"loc":{"start":{"line":14,"column":8},"end":{"line":19,"column":9}},"type":"if","locations":[{"start":{"line":14,"column":8},"end":{"line":19,"column":9}}]},"1":{"loc":{"start":{"line":38,"column":17},"end":{"line":39,"column":59}},"type":"binary-expr","locations":[{"start":{"line":38,"column":17},"end":{"line":38,"column":27}},{"start":{"line":39,"column":20},"end":{"line":39,"column":59}}]}},"s":{"0":0,"1":0,"2":0,"3":0,"4":0,"5":0,"6":0,"7":0,"8":0,"9":0,"10":0,"11":0,"12":0,"13":0,"14":0,"15":0,"16":0,"17":0,"18":0},"f":{"0":0,"1":0,"2":0,"3":0,"4":0},"b":{"0":[0],"1":[0,0]}}
,"/home/plaga-username/dev/js/tiendapx/src/reducers/Reducer.ts": {"path":"/home/plaga-username/dev/js/tiendapx/src/reducers/Reducer.ts","statementMap":{"0":{"start":{"line":13,"column":4},"end":{"line":45,"column":5}},"1":{"start":{"line":15,"column":28},"end":{"line":16,"column":84}},"2":{"start":{"line":16,"column":20},"end":{"line":16,"column":83}},"3":{"start":{"line":16,"column":47},"end":{"line":16,"column":59}},"4":{"start":{"line":18,"column":12},"end":{"line":18,"column":44}},"5":{"start":{"line":20,"column":24},"end":{"line":23,"column":49}},"6":{"start":{"line":20,"column":52},"end":{"line":20,"column":94}},"7":{"start":{"line":21,"column":43},"end":{"line":22,"column":55}},"8":{"start":{"line":25,"column":12},"end":{"line":25,"column":64}},"9":{"start":{"line":26,"column":12},"end":{"line":26,"column":25}},"10":{"start":{"line":29,"column":22},"end":{"line":30,"column":60}},"11":{"start":{"line":30,"column":16},"end":{"line":30,"column":58}},"12":{"start":{"line":31,"column":12},"end":{"line":31,"column":62}},"13":{"start":{"line":32,"column":12},"end":{"line":32,"column":23}},"14":{"start":{"line":34,"column":24},"end":{"line":36,"column":14}},"15":{"start":{"line":34,"column":55},"end":{"line":35,"column":62}},"16":{"start":{"line":37,"column":12},"end":{"line":37,"column":64}},"17":{"start":{"line":39,"column":12},"end":{"line":39,"column":25}},"18":{"start":{"line":41,"column":16},"end":{"line":41,"column":37}},"19":{"start":{"line":42,"column":16},"end":{"line":42,"column":26}},"20":{"start":{"line":44,"column":12},"end":{"line":44,"column":40}},"21":{"start":{"line":47,"column":0},"end":{"line":47,"column":27}}},"fnMap":{"0":{"name":"cartReducer","decl":{"start":{"line":12,"column":9},"end":{"line":12,"column":20}},"loc":{"start":{"line":12,"column":49},"end":{"line":46,"column":1}}},"1":{"name":"(anonymous_1)","decl":{"start":{"line":15,"column":50},"end":{"line":15,"column":51}},"loc":{"start":{"line":16,"column":20},"end":{"line":16,"column":83}}},"2":{"name":"(anonymous_2)","decl":{"start":{"line":16,"column":31},"end":{"line":16,"column":32}},"loc":{"start":{"line":16,"column":47},"end":{"line":16,"column":59}}},"3":{"name":"(anonymous_3)","decl":{"start":{"line":20,"column":35},"end":{"line":20,"column":36}},"loc":{"start":{"line":20,"column":52},"end":{"line":20,"column":94}}},"4":{"name":"(anonymous_4)","decl":{"start":{"line":21,"column":26},"end":{"line":21,"column":27}},"loc":{"start":{"line":21,"column":43},"end":{"line":22,"column":55}}},"5":{"name":"(anonymous_5)","decl":{"start":{"line":29,"column":39},"end":{"line":29,"column":40}},"loc":{"start":{"line":30,"column":16},"end":{"line":30,"column":58}}},"6":{"name":"(anonymous_6)","decl":{"start":{"line":34,"column":38},"end":{"line":34,"column":39}},"loc":{"start":{"line":34,"column":55},"end":{"line":35,"column":62}}}},"branchMap":{"0":{"loc":{"start":{"line":13,"column":4},"end":{"line":45,"column":5}},"type":"switch","locations":[{"start":{"line":14,"column":8},"end":{"line":18,"column":44}},{"start":{"line":19,"column":8},"end":{"line":26,"column":25}},{"start":{"line":28,"column":8},"end":{"line":32,"column":23}},{"start":{"line":33,"column":8},"end":{"line":39,"column":25}},{"start":{"line":40,"column":8},"end":{"line":42,"column":26}},{"start":{"line":43,"column":8},"end":{"line":44,"column":40}}]},"1":{"loc":{"start":{"line":20,"column":24},"end":{"line":23,"column":49}},"type":"cond-expr","locations":[{"start":{"line":21,"column":16},"end":{"line":22,"column":56}},{"start":{"line":23,"column":16},"end":{"line":23,"column":49}}]},"2":{"loc":{"start":{"line":21,"column":43},"end":{"line":22,"column":55}},"type":"cond-expr","locations":[{"start":{"line":22,"column":20},"end":{"line":22,"column":44}},{"start":{"line":22,"column":47},"end":{"line":22,"column":55}}]},"3":{"loc":{"start":{"line":34,"column":55},"end":{"line":35,"column":62}},"type":"cond-expr","locations":[{"start":{"line":35,"column":16},"end":{"line":35,"column":51}},{"start":{"line":35,"column":54},"end":{"line":35,"column":62}}]}},"s":{"0":0,"1":0,"2":0,"3":0,"4":0,"5":0,"6":0,"7":0,"8":0,"9":0,"10":0,"11":0,"12":0,"13":0,"14":0,"15":0,"16":0,"17":0,"18":0,"19":0,"20":0,"21":0},"f":{"0":0,"1":0,"2":0,"3":0,"4":0,"5":0,"6":0},"b":{"0":[0,0,0,0,0,0],"1":[0,0],"2":[0,0],"3":[0,0]}}
}
